Android/SDK/Library/Bee/Android/Prj/Mono2x/Gradle/launcher/build/intermediates/manifest_merge_blame_file/release/manifest-merger-blame-release-report.txt
1<?xml version="1.0" encoding="utf-8"?>
2<manifest xmlns:android="http://schemas.android.com/apk/res/android"
3    package="com.DefaultCompany.UnityAidlabSDK"
4    android:installLocation="preferExternal"
5    android:versionCode="1"
6    android:versionName="0.1" >
7
8    <uses-sdk
9        android:minSdkVersion="25"
9-->src/main/AndroidManifest.xml
10        android:targetSdkVersion="30" />
10-->src/main/AndroidManifest.xml
11
12    <supports-screens
12-->src/main/AndroidManifest.xml:3:3-163
13        android:anyDensity="true"
13-->src/main/AndroidManifest.xml:3:135-160
14        android:largeScreens="true"
14-->src/main/AndroidManifest.xml:3:78-105
15        android:normalScreens="true"
15-->src/main/AndroidManifest.xml:3:49-77
16        android:smallScreens="true"
16-->src/main/AndroidManifest.xml:3:21-48
17        android:xlargeScreens="true" />
17-->src/main/AndroidManifest.xml:3:106-134
18
19    <uses-permission android:name="android.permission.BLUETOOTH" />
19-->[:unityLibrary] AndroidManifest.xml:20:5-68
19-->[:unityLibrary] AndroidManifest.xml:20:22-65
20    <uses-permission android:name="android.permission.BLUETOOTH_ADMIN" />
20-->[:unityLibrary] AndroidManifest.xml:21:5-74
20-->[:unityLibrary] AndroidManifest.xml:21:22-71
21    <uses-permission android:name="android.permission.ACCESS_COARSE_LOCATION" />
21-->[:unityLibrary] AndroidManifest.xml:22:5-81
21-->[:unityLibrary] AndroidManifest.xml:22:22-78
22    <uses-permission android:name="android.permission.ACCESS_FINE_LOCATION" />
22-->[:unityLibrary] AndroidManifest.xml:23:5-79
22-->[:unityLibrary] AndroidManifest.xml:23:22-76
23
24    <uses-feature
24-->[:unityLibrary] AndroidManifest.xml:25:5-27:35
25        android:name="android.hardware.bluetooth_le"
25-->[:unityLibrary] AndroidManifest.xml:26:9-53
26        android:required="true" />
26-->[:unityLibrary] AndroidManifest.xml:27:9-32
27    <uses-feature android:glEsVersion="0x00030000" />
27-->[:unityLibrary] AndroidManifest.xml:28:5-54
27-->[:unityLibrary] AndroidManifest.xml:28:19-51
28    <uses-feature
28-->[:unityLibrary] AndroidManifest.xml:29:5-31:36
29        android:name="android.hardware.vulkan"
29-->[:unityLibrary] AndroidManifest.xml:30:9-47
30        android:required="false" />
30-->[:unityLibrary] AndroidManifest.xml:31:9-33
31    <uses-feature
31-->[:unityLibrary] AndroidManifest.xml:32:5-34:36
32        android:name="android.hardware.touchscreen"
32-->[:unityLibrary] AndroidManifest.xml:33:9-52
33        android:required="false" />
33-->[:unityLibrary] AndroidManifest.xml:34:9-33
34    <uses-feature
34-->[:unityLibrary] AndroidManifest.xml:35:5-37:36
35        android:name="android.hardware.touchscreen.multitouch"
35-->[:unityLibrary] AndroidManifest.xml:36:9-63
36        android:required="false" />
36-->[:unityLibrary] AndroidManifest.xml:37:9-33
37    <uses-feature
37-->[:unityLibrary] AndroidManifest.xml:38:5-40:36
38        android:name="android.hardware.touchscreen.multitouch.distinct"
38-->[:unityLibrary] AndroidManifest.xml:39:9-72
39        android:required="false" />
39-->[:unityLibrary] AndroidManifest.xml:40:9-33
40    <uses-feature
40-->[:unityLibrary] AndroidManifest.xml:41:5-43:36
41        android:name="android.hardware.vulkan.version"
41-->[:unityLibrary] AndroidManifest.xml:42:9-55
42        android:required="false" />
42-->[:unityLibrary] AndroidManifest.xml:43:9-33
43
44    <uses-permission android:name="android.permission.INTERNET" />
44-->[:unityLibrary] AndroidManifest.xml:45:5-67
44-->[:unityLibrary] AndroidManifest.xml:45:22-64
45    <uses-permission android:name="android.permission.ACCESS_NETWORK_STATE" />
45-->[:unityLibrary] AndroidManifest.xml:46:5-79
45-->[:unityLibrary] AndroidManifest.xml:46:22-76
46
47    <uses-permission-sdk-23 android:name="android.permission.ACCESS_COARSE_LOCATION" />
47-->[:rxandroidble-1.11.1:] AndroidManifest.xml:14:5-88
47-->[:rxandroidble-1.11.1:] AndroidManifest.xml:14:29-85
48    <uses-permission-sdk-23 android:name="android.permission.ACCESS_FINE_LOCATION" />
48-->[:rxandroidble-1.11.1:] AndroidManifest.xml:15:5-86
48-->[:rxandroidble-1.11.1:] AndroidManifest.xml:15:29-83
49
50    <application
50-->src/main/AndroidManifest.xml:4:3-83
51        android:extractNativeLibs="true"
51-->[:unityLibrary] AndroidManifest.xml:49:9-41
52        android:icon="@mipmap/app_icon"
52-->src/main/AndroidManifest.xml:4:49-80
53        android:label="@string/app_name"
53-->src/main/AndroidManifest.xml:4:16-48
54        android:theme="@style/UnityThemeSelector" >
54-->[:unityLibrary] AndroidManifest.xml:52:9-50
55        <activity
55-->[:unityLibrary] AndroidManifest.xml:53:9-76:20
56            android:name="com.unity3d.player.UnityPlayerActivity"
56-->[:unityLibrary] AndroidManifest.xml:54:13-66
57            android:configChanges="mcc|mnc|locale|touchscreen|keyboard|keyboardHidden|navigation|orientation|screenLayout|uiMode|screenSize|smallestScreenSize|fontScale|layoutDirection|density"
57-->[:unityLibrary] AndroidManifest.xml:55:13-194
58            android:hardwareAccelerated="false"
58-->[:unityLibrary] AndroidManifest.xml:56:13-48
59            android:label="@string/app_name"
59-->[:unityLibrary] AndroidManifest.xml:57:13-45
60            android:launchMode="singleTask"
60-->[:unityLibrary] AndroidManifest.xml:58:13-44
61            android:resizeableActivity="false"
61-->[:unityLibrary] AndroidManifest.xml:59:13-47
62            android:screenOrientation="fullUser" >
62-->[:unityLibrary] AndroidManifest.xml:60:13-49
63            <intent-filter>
63-->[:unityLibrary] AndroidManifest.xml:61:13-65:29
64                <action android:name="android.intent.action.MAIN" />
64-->[:unityLibrary] AndroidManifest.xml:62:17-69
64-->[:unityLibrary] AndroidManifest.xml:62:25-66
65
66                <category android:name="android.intent.category.LAUNCHER" />
66-->[:unityLibrary] AndroidManifest.xml:64:17-77
66-->[:unityLibrary] AndroidManifest.xml:64:27-74
67            </intent-filter>
68
69            <meta-data
69-->[:unityLibrary] AndroidManifest.xml:67:13-69:40
70                android:name="unityplayer.UnityActivity"
70-->[:unityLibrary] AndroidManifest.xml:68:17-57
71                android:value="true" />
71-->[:unityLibrary] AndroidManifest.xml:69:17-37
72            <meta-data
72-->[:unityLibrary] AndroidManifest.xml:70:13-72:40
73                android:name="android.notch_support"
73-->[:unityLibrary] AndroidManifest.xml:71:17-53
74                android:value="true" />
74-->[:unityLibrary] AndroidManifest.xml:72:17-37
75            <meta-data
75-->[:unityLibrary] AndroidManifest.xml:70:13-72:40
76                android:name="android.notch_support"
76-->[:unityLibrary] AndroidManifest.xml:71:17-53
77                android:value="true" />
77-->[:unityLibrary] AndroidManifest.xml:72:17-37
78        </activity>
79
80        <meta-data
80-->[:unityLibrary] AndroidManifest.xml:78:9-80:68
81            android:name="unity.build-id"
81-->[:unityLibrary] AndroidManifest.xml:79:13-42
82            android:value="acd37b63-1484-47ae-9104-9178ca845ebf" />
82-->[:unityLibrary] AndroidManifest.xml:80:13-65
83        <meta-data
83-->[:unityLibrary] AndroidManifest.xml:81:9-83:33
84            android:name="unity.splash-mode"
84-->[:unityLibrary] AndroidManifest.xml:82:13-45
85            android:value="0" />
85-->[:unityLibrary] AndroidManifest.xml:83:13-30
86        <meta-data
86-->[:unityLibrary] AndroidManifest.xml:84:9-86:36
87            android:name="unity.splash-enable"
87-->[:unityLibrary] AndroidManifest.xml:85:13-47
88            android:value="True" />
88-->[:unityLibrary] AndroidManifest.xml:86:13-33
89        <meta-data
89-->[:unityLibrary] AndroidManifest.xml:87:9-89:50
90            android:name="notch.config"
90-->[:unityLibrary] AndroidManifest.xml:88:13-40
91            android:value="portrait|landscape" />
91-->[:unityLibrary] AndroidManifest.xml:89:13-47
92        <meta-data
92-->[:unityLibrary] AndroidManifest.xml:90:9-92:36
93            android:name="unity.launch-fullscreen"
93-->[:unityLibrary] AndroidManifest.xml:91:13-51
94            android:value="True" />
94-->[:unityLibrary] AndroidManifest.xml:92:13-33
95        <meta-data
95-->[:unityLibrary] AndroidManifest.xml:93:9-95:37
96            android:name="unity.allow-resizable-window"
96-->[:unityLibrary] AndroidManifest.xml:94:13-56
97            android:value="False" />
97-->[:unityLibrary] AndroidManifest.xml:95:13-34
98    </application>
99
100</manifest>